<?xml version="1.0" encoding="UTF-8"?>
<!-- Generated by org.testng.reporters.JUnitReportReporter -->
<testsuite name="SfaxPack.Sales" tests="1" time="0.015" ignored="0" failures="0" timestamp="26 Apr 2020 11:24:29 GMT" skipped="0" hostname="MCS-PC" errors="0">
  <testcase name="saless" time="0.015" classname="SfaxPack.Sales"/>
</testsuite> <!-- SfaxPack.Sales -->
