<?xml version="1.0" encoding="UTF-8"?>
<!-- Generated by org.testng.reporters.JUnitReportReporter -->
<testsuite name="SfaxPack.Purchase" tests="1" time="0.864" ignored="0" failures="0" timestamp="29 Apr 2020 14:27:58 GMT" skipped="0" hostname="MCS-PC" errors="0">
  <testcase name="f" time="0.864" classname="SfaxPack.Purchase"/>
</testsuite> <!-- SfaxPack.Purchase -->
