<?xml version="1.0" encoding="UTF-8"?>
<!-- Generated by org.testng.reporters.JUnitReportReporter -->
<testsuite name="SfaxPack.NewTest" tests="1" time="0.583" ignored="0" failures="0" timestamp="26 Apr 2020 10:34:11 GMT" skipped="0" hostname="MCS-PC" errors="0">
  <testcase name="f" time="0.583" classname="SfaxPack.NewTest"/>
</testsuite> <!-- SfaxPack.NewTest -->
